<?xml version="1.0" encoding="UTF-8"?>
<testsuite name="BasicsTest" tests="5" skipped="0" failures="0" errors="0" timestamp="2023-05-30T22:50:13" hostname="DESKTOP-UE8J4QO" time="0.085">
  <properties/>
  <testcase name="testTask1" classname="BasicsTest" time="0.04"/>
  <testcase name="testTask2" classname="BasicsTest" time="0.004"/>
  <testcase name="testTask3" classname="BasicsTest" time="0.015"/>
  <testcase name="testTask4" classname="BasicsTest" time="0.003"/>
  <testcase name="testTask5" classname="BasicsTest" time="0.022"/>
  <system-out><![CDATA[]]></system-out>
  <system-err><![CDATA[]]></system-err>
</testsuite>
